<?xml version="1.0" encoding="UTF-8"?>
<!-- Generated by org.testng.reporters.JUnitReportReporter -->
<testsuite hostname="LAPTOP-6JFE7EBD" failures="0" tests="1" name="PageObject.Test01" time="21.352" errors="0" timestamp="2023-04-04T12:36:07 EDT" skipped="0">
  <testcase classname="PageObject.Test01" name="testingSteps" time="21.352"/>
  <system-out/>
</testsuite> <!-- PageObject.Test01 -->
